68
100
96
87
82
78
77
69
66
63
59
59
49
46
44
41
37
30
27
23
21
18
12
9
6
1
66
246
377
498
568
649
748
827
901
987
996
996
996
996
996
996
994
992
988
984
976
975
972
967
965
960
955
952
952
950
945
939
930
925
923
923
922
918
915
912
908
904
903
898
894
893
884
881
874
872
864
861
854
847
841
837
832
825
818
814
812
810
808
805
802
796
795
787
781
777
775
769
761
758
749
746
741
738
728
724
716
709
703
698
691
686
681
678
673
672
667
663
660
652
648
641
638
626
621
616
612
603
597
589
580
576
572
566
564
561
552
542
537
535
530
524
513
505
502
496
491
487
476
465
463
460
449
439
433
427
423
419
414
413
400
391
383
377
367
361
356
347
341
328
322
319
312
304
295
291
282
274
270
262
254
246
238
235
223
216
208
198
191
181
174
164
156
151
142
135
126
120
112
101
96
89
82
73
62
54
48
40
35
26
22
21
21
21
21
21
21
21
21
21
21
21
21
21
21
21
21
21
21
21
21
21
21
21
21
21
21
21
21
21
21
21
21
21
21
21
21
21
21
21
21
21
21
21
21
21
21
21
21
21
21
21
21
21
21
21
21
21
