63
75
233
364
490
599
743
784
820
842
918
988
988
988
988
987
985
983
981
979
976
971
971
969
968
967
965
958
953
947
945
944
942
938
932
925
921
917
916
914
912
909
906
904
900
895
892
887
884
884
878
869
862
861
854
851
844
841
840
834
830
826
824
820
816
813
807
800
798
796
789
787
784
778
776
766
761
756
753
749
746
739
731
727
722
720
715
711
708
702
696
690
686
680
675
670
667
663
659
655
651
646
642
640
636
633
628
615
607
603
598
591
589
581
576
574
566
561
556
550
549
544
540
534
529
521
515
508
502
498
494
489
482
478
472
461
452
448
445
439
435
428
419
411
404
399
390
386
380
372
364
358
351
344
332
325
319
309
302
295
286
280
273
267
260
254
245
239
232
222
217
208
201
191
184
175
167
159
148
144
138
133
126
113
102
90
82
77
74
61
55
49
35
29
21
15
7
3
2
2
2
