11:51:03 PM     all      1.01      0.00      0.50      0.00      0.00     98.49
11:51:04 PM     all      0.51      0.00      0.00      0.00      0.00     99.49
11:51:05 PM     all      1.01      0.00      0.50      0.00      0.00     98.49
11:51:06 PM     all     15.08      0.00      0.50      0.00      0.00     84.42
11:51:07 PM     all      2.02      0.00      0.51      0.00      0.00     97.47
11:51:08 PM     all      0.50      0.00      0.50      0.00      0.00     98.99
11:51:09 PM     all      1.51      0.00      1.01      0.00      0.00     97.49
11:51:10 PM     all      0.51      0.00      0.51      0.00      0.00     98.99
11:51:11 PM     all     15.58      0.00      1.01      0.00      0.00     83.42

11:51:11 PM     CPU     %user     %nice   %system   %iowait    %steal     %idle
11:51:12 PM     all     55.67      0.00     11.86      1.55      0.00     30.93
11:51:13 PM     all     25.87      0.00      6.47      0.50      0.00     67.16
11:51:14 PM     all     48.70      0.00     11.92      1.04      0.00     38.34
11:51:15 PM     all     65.31      0.00     11.73      0.51      0.00     22.45
11:51:16 PM     all     47.12      0.00     12.04      1.57      0.00     39.27
11:51:17 PM     all     54.23      0.00      4.48      0.00      0.00     41.29
11:51:18 PM     all     31.96      0.52     12.89      2.06      0.00     52.58
11:51:19 PM     all     60.80      0.00      4.52      1.01      0.00     33.67
11:51:20 PM     all     48.69      0.00     13.61      1.05      0.00     36.65
11:51:21 PM     all     14.57      0.00      6.53      0.00      0.00     78.89
11:51:22 PM     all     13.64      0.00      8.59      0.00      0.00     77.78
11:51:23 PM     all     12.12      0.00      6.06      0.00      0.00     81.82
11:51:24 PM     all     37.37      0.00     17.37      1.05      0.00     44.21
11:51:25 PM     all     33.85      0.00     22.40      0.52      0.00     43.23
11:51:26 PM     all     53.03      0.00      6.57      0.00      0.00     40.40
11:51:27 PM     all     33.84      0.00      9.60      0.00      0.00     56.57
11:51:28 PM     all     16.24      0.00      8.63      0.00      0.00     75.13
11:51:29 PM     all     21.03      0.00     20.00      0.51      0.00     58.46
11:51:30 PM     all     17.35      0.00     10.20      0.00      0.00     72.45
11:51:31 PM     all     29.59      0.00     10.20      0.00      0.00     60.20
11:51:32 PM     all     66.49      0.00     18.32      2.62      0.00     12.57
11:51:33 PM     all     14.72      0.00      9.14      0.00      0.00     76.14
11:51:34 PM     all     58.38      0.00     12.18      0.51      0.00     28.93
11:51:35 PM     all     49.25      0.00      4.52      0.00      0.00     46.23
11:51:36 PM     all     58.59      0.00      6.57      0.00      0.00     34.85
11:51:37 PM     all     55.05      0.00      6.57      0.00      0.00     38.38
11:51:38 PM     all     55.00      0.00      4.50      0.00      0.00     40.50
11:51:39 PM     all     55.56      0.00      4.55      0.00      0.00     39.90
11:51:40 PM     all     56.50      0.00      4.50      0.00      0.00     39.00
11:51:41 PM     all     64.29      0.00     13.27      0.00      0.00     22.45
11:51:42 PM     all     71.43      0.00     20.11      2.12      0.00      6.35
11:51:43 PM     all     67.01      0.00     10.66      0.00      0.00     22.34
11:51:44 PM     all     57.29      0.00      9.55      0.00      0.00     33.17
11:51:45 PM     all     70.47      0.00     16.06      1.55      0.00     11.92
11:51:46 PM     all     62.63      0.00      7.58      0.00      0.00     29.80

11:51:46 PM     CPU     %user     %nice   %system   %iowait    %steal     %idle
11:51:47 PM     all     55.22      0.00      4.48      0.00      0.00     40.30
11:51:48 PM     all     58.08      0.00      7.58      0.00      0.00     34.34
11:51:49 PM     all     61.62      0.00      8.08      0.00      0.00     30.30
11:51:50 PM     all     56.28      0.00      7.54      0.00      0.00     36.18
11:51:51 PM     all     55.50      0.00      5.00      0.00      0.00     39.50
11:51:52 PM     all     54.04      0.00      2.02      0.00      0.00     43.94
11:51:53 PM     all     54.27      0.00      3.52      0.00      0.00     42.21
11:51:54 PM     all     52.50      0.00      3.00      0.00      0.00     44.50
11:51:55 PM     all     55.56      0.00      4.04      0.00      0.00     40.40
11:51:56 PM     all     51.01      0.00      4.04      0.00      0.00     44.95
11:51:57 PM     all     59.60      0.00      5.05      0.00      0.00     35.35
11:51:58 PM     all     55.78      0.00      4.02      0.00      0.00     40.20
11:51:59 PM     all     56.28      0.00      9.05      0.50      0.00     34.17
11:52:00 PM     all     52.00      0.00      1.50      0.00      0.00     46.50
11:52:01 PM     all     53.57      0.00      4.59      0.51      0.00     41.33
11:52:02 PM     all     50.50      0.00      3.00      0.00      0.00     46.50
11:52:03 PM     all     42.93      0.00      2.53      0.00      0.00     54.55
11:52:04 PM     all     55.28      0.00      9.55      0.00      0.00     35.18
11:52:05 PM     all     86.87      0.00     13.13      0.00      0.00      0.00
11:52:06 PM     all     68.62      0.00     21.28      1.60      0.00      8.51
11:52:07 PM     all     71.43      0.00     21.16      2.12      0.00      5.29
11:52:08 PM     all     75.92      0.00     19.90      0.52      0.00      3.66
11:52:09 PM     all     77.16      0.00     18.27      1.02      0.00      3.55
11:52:10 PM     all     77.20      0.00     18.65      0.52      0.00      3.63
11:52:11 PM     all     62.12      0.00      6.57      0.00      0.00     31.31
11:52:12 PM     all     58.29      0.00      6.03      0.00      0.00     35.68
11:52:13 PM     all     57.50      0.00      5.50      0.00      0.00     37.00
11:52:14 PM     all     60.61      0.00      7.07      0.00      0.00     32.32
11:52:15 PM     all     61.81      0.00     11.56      0.00      0.00     26.63
11:52:16 PM     all     61.81      0.00     10.55      0.00      0.00     27.64
11:52:17 PM     all     59.50      0.00      6.50      0.00      0.00     34.00
11:52:18 PM     all     59.50      0.50      8.00      0.00      0.00     32.00
11:52:19 PM     all     59.09      0.00      5.56      0.00      0.00     35.35
11:52:20 PM     all     58.29      0.00      6.53      0.00      0.00     35.18
11:52:21 PM     all     61.00      0.00      7.00      0.00      0.50     31.50

11:52:21 PM     CPU     %user     %nice   %system   %iowait    %steal     %idle
11:52:22 PM     all     58.50      0.00      7.00      0.00      0.00     34.50
11:52:23 PM     all     55.00      0.00      2.50      0.00      0.00     42.50
11:52:24 PM     all     63.64      0.00      6.57      0.00      0.00     29.80
11:52:25 PM     all     70.68      0.00     15.71      1.05      0.00     12.57
11:52:26 PM     all     58.88      0.00     15.23      0.51      0.00     25.38
11:52:27 PM     all     53.27      0.00      6.03      0.50      0.00     40.20
11:52:28 PM     all     53.03      0.00      2.53      0.00      0.00     44.44
11:52:29 PM     all     57.65      0.00      7.65      0.51      0.00     34.18
11:52:30 PM     all     50.75      0.00      3.52      0.00      0.00     45.73
11:52:31 PM     all     53.30      0.00      5.08      0.00      0.00     41.62
11:52:32 PM     all     70.00      0.00     13.50      0.00      0.00     16.50
11:52:33 PM     all     85.43      0.00     14.57      0.00      0.00      0.00
11:52:34 PM     all     75.92      0.00     19.37      0.52      0.00      4.19
11:52:35 PM     all     74.21      0.00     19.47      1.58      0.00      4.74
11:52:36 PM     all     76.96      0.00     19.90      1.05      0.00      2.09
11:52:37 PM     all     76.53      0.00     20.92      0.51      0.00      2.04
11:52:38 PM     all     64.65      0.00      6.57      0.00      0.00     28.79
11:52:39 PM     all     57.79      0.00      6.53      0.00      0.00     35.68
11:52:40 PM     all     57.71      0.00      8.46      0.00      0.00     33.83
11:52:41 PM     all     58.38      0.00      6.09      0.00      0.00     35.53
11:52:42 PM     all     59.20      0.00      6.97      0.00      0.00     33.83
11:52:43 PM     all     64.14      0.00      8.08      0.00      0.00     27.78
11:52:44 PM     all     59.00      0.00      5.00      0.00      0.00     36.00
11:52:45 PM     all     58.38      0.00      7.11      0.00      0.00     34.52
11:52:46 PM     all     59.50      0.00      5.50      0.00      0.00     35.00
11:52:47 PM     all     58.79      0.00      7.04      0.00      0.00     34.17
11:52:48 PM     all     56.06      0.00      4.04      0.00      0.00     39.90
11:52:49 PM     all     59.00      0.00      5.50      0.00      0.00     35.50
11:52:50 PM     all     56.06      0.00      4.55      0.00      0.00     39.39
11:52:51 PM     all     56.28      0.00      5.53      0.00      0.00     38.19
11:52:52 PM     all     57.79      0.00      5.03      0.00      0.00     37.19
11:52:53 PM     all     59.80      0.00     10.55      1.01      0.00     28.64
11:52:54 PM     all     57.79      0.00      7.04      0.00      0.00     35.18
11:52:55 PM     all     57.36      0.00     10.15      0.51      0.00     31.98
11:52:56 PM     all     66.33      0.00     20.92      0.51      0.00     12.24

11:52:56 PM     CPU     %user     %nice   %system   %iowait    %steal     %idle
11:52:57 PM     all     77.39      0.00     13.57      0.00      0.00      9.05
11:52:58 PM     all     80.00      0.00     19.00      0.50      0.00      0.50
11:52:59 PM     all     77.32      0.00     17.01      1.03      0.00      4.64
11:53:00 PM     all     75.13      0.00     21.76      0.52      0.00      2.59
11:53:01 PM     all     73.47      0.00     22.96      1.02      0.00      2.55
11:53:02 PM     all     69.23      0.00     27.18      0.51      0.00      3.08
11:53:03 PM     all     79.70      0.00     16.75      0.00      0.00      3.55
11:53:04 PM     all     81.73      0.00     16.75      0.51      0.00      1.02
11:53:05 PM     all     76.44      0.52     18.32      0.52      0.00      4.19
11:53:06 PM     all     62.31      0.00      9.05      0.00      0.00     28.64
11:53:07 PM     all     58.29      0.00      6.53      0.00      0.00     35.18
11:53:08 PM     all     59.30      0.00      6.53      0.00      0.00     34.17
11:53:09 PM     all     58.59      0.00      8.08      0.00      0.00     33.33
11:53:10 PM     all     58.79      0.00      8.04      0.50      0.00     32.66
11:53:11 PM     all     56.78      0.00      4.52      0.00      0.00     38.69
11:53:12 PM     all     55.56      0.00      6.57      0.00      0.00     37.88
11:53:13 PM     all     60.61      0.00      7.58      0.00      0.00     31.82
11:53:14 PM     all     56.50      0.00      6.50      0.00      0.00     37.00
11:53:15 PM     all     59.09      0.00      9.09      0.00      0.00     31.82
11:53:16 PM     all     56.57      0.00      5.05      0.00      0.00     38.38
11:53:17 PM     all     59.70      0.00      6.97      0.00      0.00     33.33
11:53:18 PM     all     56.57      0.00      3.54      0.00      0.00     39.90
11:53:19 PM     all     68.00      0.00     22.00      0.50      0.00      9.50
11:53:20 PM     all     64.50      0.00     20.00      0.50      0.00     15.00
11:53:21 PM     all     72.92      0.00     19.79      1.04      0.00      6.25
11:53:22 PM     all     68.02      0.00     15.74      0.51      0.00     15.74
11:53:23 PM     all     87.13      0.00     12.87      0.00      0.00      0.00
11:53:24 PM     all     73.16      0.00     21.05      1.05      0.00      4.74
11:53:25 PM     all     74.36      0.00     22.56      0.51      0.00      2.56
11:53:26 PM     all     54.27      0.00      4.02      0.00      0.00     41.71
11:53:27 PM     all     56.00      0.00      5.00      0.00      0.00     39.00
11:53:28 PM     all     55.78      0.00      4.02      0.00      0.00     40.20
11:53:29 PM     all     55.28      0.00      6.53      0.00      0.00     38.19
11:53:30 PM     all     53.03      0.00      2.53      0.00      0.00     44.44
11:53:31 PM     all     55.05      0.00      4.55      0.00      0.00     40.40

11:53:31 PM     CPU     %user     %nice   %system   %iowait    %steal     %idle
11:53:32 PM     all     54.00      0.00      3.50      0.00      0.00     42.50
11:53:33 PM     all     55.28      0.00      4.02      0.00      0.00     40.70
11:53:34 PM     all     54.27      0.00      4.02      0.00      0.00     41.71
11:53:35 PM     all     55.28      0.00      3.52      0.00      0.00     41.21
11:53:36 PM     all     55.00      0.00      3.50      0.00      0.00     41.50
11:53:37 PM     all     53.77      0.00      3.02      0.00      0.00     43.22
11:53:38 PM     all     65.66      0.00     15.15      0.00      0.00     19.19
11:53:39 PM     all     85.50      0.00     14.50      0.00      0.00      0.00
11:53:40 PM     all     73.33      0.00     17.44      1.54      0.00      7.69
11:53:41 PM     all     72.87      0.00     20.74      1.06      0.00      5.32
11:53:42 PM     all     62.31      0.00      9.55      0.00      0.00     28.14
11:53:43 PM     all     64.47      0.00     16.24      1.02      0.00     18.27
11:53:44 PM     all     74.00      0.00     15.50      0.00      0.00     10.50
11:53:45 PM     all     83.42      0.00     16.58      0.00      0.00      0.00
11:53:46 PM     all     69.52      0.00     20.32      2.14      0.00      8.02
11:53:47 PM     all     70.71      0.00     11.62      0.00      0.00     17.68
11:53:48 PM     all     57.58      0.00      7.07      0.00      0.00     35.35
11:53:49 PM     all     57.29      0.00      5.53      0.00      0.00     37.19
11:53:50 PM     all     58.00      0.00      8.00      0.00      0.00     34.00
11:53:51 PM     all     59.09      0.00      5.56      0.00      0.00     35.35
11:53:52 PM     all     60.10      0.00      7.07      0.00      0.00     32.83
11:53:53 PM     all     59.50      0.00      6.00      0.00      0.00     34.50
11:53:54 PM     all     57.50      0.00      6.00      0.00      0.00     36.50
11:53:55 PM     all     59.09      0.00      5.56      0.00      0.00     35.35
11:53:56 PM     all     56.78      0.00      4.02      0.00      0.00     39.20
11:53:57 PM     all     60.91      0.00     12.69      0.51      0.00     25.89
11:53:58 PM     all     70.20      0.00     21.21      0.51      0.00      8.08
11:53:59 PM     all     78.50      0.00     15.00      0.00      0.00      6.50
11:54:00 PM     all     67.01      0.00     16.49      1.55      0.00     14.95
11:54:01 PM     all     68.50      0.50     19.50      0.00      0.00     11.50
11:54:02 PM     all     83.42      0.00     16.58      0.00      0.00      0.00
11:54:03 PM     all     69.11      0.00     23.04      2.09      0.00      5.76
11:54:04 PM     all     81.73      0.00     13.71      0.00      0.00      4.57
11:54:05 PM     all     66.84      0.00     25.39      1.55      0.00      6.22
11:54:06 PM     all     58.42      0.00      5.45      0.00      0.00     36.14

11:54:06 PM     CPU     %user     %nice   %system   %iowait    %steal     %idle
11:54:07 PM     all     55.56      0.00      3.03      0.00      0.00     41.41
11:54:08 PM     all     55.28      0.00      5.53      0.00      0.00     39.20
11:54:09 PM     all     58.00      0.00      6.00      0.00      0.50     35.50
11:54:10 PM     all     55.56      0.00      4.04      0.00      0.00     40.40
11:54:11 PM     all     56.28      0.00      3.52      0.00      0.00     40.20
11:54:12 PM     all     57.79      0.00      4.52      0.00      0.00     37.69
11:54:13 PM     all     55.28      0.00      3.52      0.00      0.00     41.21
11:54:14 PM     all     58.50      0.00      5.50      0.00      0.00     36.00
11:54:15 PM     all     56.06      0.00      7.07      0.00      0.00     36.87
11:54:16 PM     all     57.58      0.00      5.05      0.00      0.00     37.37
11:54:17 PM     all     71.72      0.00     13.64      0.51      0.00     14.14
11:54:18 PM     all     85.00      0.00     15.00      0.00      0.00      0.00
11:54:19 PM     all     74.21      0.00     20.00      1.05      0.00      4.74
11:54:20 PM     all     69.19      0.00     12.63      0.51      0.00     17.68
11:54:21 PM     all     66.50      0.00     14.21      0.00      0.00     19.29
11:54:22 PM     all     72.22      0.00     23.74      0.51      0.00      3.54
11:54:23 PM     all     67.68      0.00     16.16      0.51      0.00     15.66
11:54:24 PM     all     85.50      0.00     14.50      0.00      0.00      0.00
11:54:25 PM     all     71.05      0.00     19.47      2.11      0.00      7.37
11:54:26 PM     all     68.88      0.00     11.22      0.00      0.00     19.90
11:54:27 PM     all     66.16      0.00      8.59      1.01      0.00     24.24
11:54:28 PM     all     57.95      0.00     11.28      0.51      0.00     30.26
11:54:29 PM     all     56.57      0.00      5.05      0.00      0.00     38.38
11:54:30 PM     all     55.00      0.00      4.00      0.00      0.00     41.00
11:54:31 PM     all     55.05      0.00      3.03      0.00      0.00     41.92
11:54:32 PM     all     57.29      0.00      4.52      0.00      0.00     38.19
11:54:33 PM     all     55.50      0.00      4.00      0.00      0.00     40.50
11:54:34 PM     all     54.50      0.00      3.50      0.00      0.00     42.00
11:54:35 PM     all     58.00      0.00      7.00      0.00      0.00     35.00
11:54:36 PM     all     56.78      0.00      7.04      0.50      0.00     35.68
11:54:37 PM     all     72.73      0.00     15.15      0.00      0.00     12.12
11:54:38 PM     all     85.00      0.00     15.00      0.00      0.00      0.00
11:54:39 PM     all     75.38      0.00     20.51      0.51      0.00      3.59
11:54:40 PM     all     77.95      0.00     18.97      0.51      0.00      2.56
11:54:41 PM     all     74.61      0.00     18.65      0.52      0.00      6.22

11:54:41 PM     CPU     %user     %nice   %system   %iowait    %steal     %idle
11:54:42 PM     all     83.92      0.00     15.58      0.00      0.00      0.50
11:54:43 PM     all     77.95      0.51     16.41      1.03      0.00      4.10
11:54:44 PM     all     60.30      0.00      7.04      0.00      0.00     32.66
11:54:45 PM     all     55.28      0.00      6.03      0.00      0.00     38.69
11:54:46 PM     all     60.61      0.00      6.57      0.00      0.00     32.83
11:54:47 PM     all     57.50      0.00      6.50      0.00      0.00     36.00
11:54:48 PM     all     58.00      0.00      5.50      0.00      0.00     36.50
11:54:49 PM     all     57.29      0.00      5.03      0.00      0.00     37.69
11:54:50 PM     all     57.79      0.00      5.03      0.00      0.00     37.19
11:54:51 PM     all     57.50      0.00      4.00      0.00      0.00     38.50
11:54:52 PM     all     58.29      0.00      6.53      0.00      0.00     35.18
11:54:53 PM     all     55.78      0.00      3.02      0.00      0.00     41.21
11:54:54 PM     all     60.30      0.00      9.55      0.50      0.00     29.65
11:54:55 PM     all     59.09      0.00     15.15      0.00      0.00     25.76
11:54:56 PM     all     82.91      0.00     15.08      0.00      0.00      2.01
11:54:57 PM     all     84.08      0.00     15.92      0.00      0.00      0.00
11:54:58 PM     all     86.00      0.00     14.00      0.00      0.00      0.00
11:54:59 PM     all     77.44      0.00     18.97      1.03      0.00      2.56
11:55:00 PM     all     78.76      0.00     19.17      0.52      0.00      1.55
11:55:01 PM     all     76.41      0.00     18.46      1.03      0.00      4.10
11:55:02 PM     all     73.58      0.00     19.17      0.52      0.00      6.74
11:55:03 PM     all     57.79      0.00      5.03      0.00      0.00     37.19
11:55:04 PM     all     56.28      0.00      4.52      0.00      0.00     39.20
11:55:05 PM     all     58.29      0.00      6.53      0.00      0.00     35.18
11:55:06 PM     all     58.79      0.00      5.53      0.00      0.00     35.68
11:55:07 PM     all     58.79      0.00      7.54      0.00      0.00     33.67
11:55:08 PM     all     57.79      0.00      6.03      0.00      0.00     36.18
11:55:09 PM     all     59.50      0.00      7.50      0.00      0.00     33.00
11:55:10 PM     all     58.38      0.00      6.60      0.00      0.00     35.03
11:55:11 PM     all     59.09      0.00      4.04      0.00      0.00     36.87
11:55:12 PM     all     56.72      0.00      5.97      0.00      0.00     37.31
11:55:13 PM     all     58.08      0.00      7.07      0.00      0.00     34.85
11:55:14 PM     all     56.50      0.00      4.50      0.00      0.00     39.00
11:55:15 PM     all     57.58      0.00     20.20      0.51      0.00     21.72
11:55:16 PM     all     56.85      0.00     10.66      0.00      0.00     32.49

11:55:16 PM     CPU     %user     %nice   %system   %iowait    %steal     %idle
11:55:17 PM     all     82.50      0.00     17.50      0.00      0.00      0.00
11:55:18 PM     all     86.00      0.00     14.00      0.00      0.00      0.00
11:55:19 PM     all     83.50      0.00     16.50      0.00      0.00      0.00
11:55:20 PM     all     87.00      0.00     13.00      0.00      0.00      0.00
11:55:21 PM     all     86.50      0.00     13.50      0.00      0.00      0.00
11:55:22 PM     all     78.35      0.00     17.01      1.03      0.00      3.61
11:55:23 PM     all     70.37      0.00     22.75      1.59      0.00      5.29
11:55:24 PM     all     75.13      0.00     22.28      0.52      0.00      2.07
11:55:25 PM     all     66.50      0.00      9.00      0.00      0.00     24.50
11:55:26 PM     all     59.30      0.00      7.04      0.00      0.00     33.67
11:55:27 PM     all     60.10      0.00      6.57      0.00      0.00     33.33
11:55:28 PM     all     61.50      0.00      8.00      0.00      0.00     30.50
11:55:29 PM     all     60.30      0.00      8.04      0.00      0.00     31.66
11:55:30 PM     all     60.80      0.00      6.03      0.00      0.00     33.17
11:55:31 PM     all     58.88      0.00      5.58      0.00      0.00     35.53
11:55:32 PM     all     59.00      0.00      6.00      0.00      0.00     35.00
11:55:33 PM     all     60.30      0.00      6.53      0.00      0.00     33.17
11:55:34 PM     all     56.85      0.00      4.06      0.00      0.00     39.09
11:55:35 PM     all     60.70      0.50      8.96      0.00      0.00     29.85
11:55:36 PM     all     63.82      0.00     10.05      0.00      0.00     26.13
11:55:37 PM     all     59.69      0.00      4.08      0.00      0.00     36.22
11:55:38 PM     all     68.34      0.00     24.62      1.01      0.00      6.03
11:55:39 PM     all     69.04      0.00     27.41      0.51      0.00      3.05
11:55:40 PM     all     66.84      0.00     26.02      1.02      0.00      6.12
11:55:41 PM     all     73.74      0.00     22.22      0.51      0.00      3.54
11:55:42 PM     all     72.22      0.00     23.23      0.51      0.00      4.04
11:55:43 PM     all     78.00      0.00     20.00      0.50      0.00      1.50
11:55:44 PM     all     81.91      0.00     17.09      0.00      0.00      1.01
11:55:45 PM     all     83.00      0.00     17.00      0.00      0.00      0.00
11:55:46 PM     all     78.28      0.00     20.71      0.00      0.00      1.01
11:55:47 PM     all     75.88      0.00     23.12      0.00      0.00      1.01
11:55:48 PM     all     72.82      0.00     23.08      1.03      0.00      3.08
11:55:49 PM     all     74.23      0.00     23.71      0.52      0.00      1.55
11:55:50 PM     all     79.90      0.00     19.10      0.00      0.00      1.01
11:55:51 PM     all     76.53      0.00     20.41      0.51      0.00      2.55

11:55:51 PM     CPU     %user     %nice   %system   %iowait    %steal     %idle
11:55:52 PM     all     70.62      0.00     25.26      0.52      0.00      3.61
11:55:53 PM     all     76.88      0.00     18.59      0.50      0.00      4.02
11:55:54 PM     all     62.96      0.00     15.34      1.59      0.00     20.11
11:55:55 PM     all     55.28      0.00      3.52      0.00      0.00     41.21
11:55:56 PM     all     53.50      0.00      5.00      0.00      0.00     41.50
11:55:57 PM     all     57.29      0.00      4.52      0.00      0.00     38.19
11:55:58 PM     all     58.38      0.00      4.57      0.00      0.00     37.06
11:55:59 PM     all     55.28      0.00      4.52      0.00      0.00     40.20
11:56:00 PM     all     56.57      0.00      6.06      0.00      0.00     37.37
11:56:01 PM     all     57.29      0.00     11.56      2.01      0.00     29.15
11:56:02 PM     all     55.33      0.00     12.69      0.51      0.00     31.47
11:56:03 PM     all     67.16      0.00     11.94      0.00      0.00     20.90
11:56:04 PM     all     87.00      0.00     13.00      0.00      0.00      0.00
11:56:05 PM     all     82.14      0.00     17.35      0.00      0.00      0.51
11:56:06 PM     all     67.71      0.00     22.40      3.12      0.00      6.77
11:56:07 PM     all     81.22      0.00     18.27      0.00      0.00      0.51
11:56:08 PM     all     65.99      0.00     22.84      0.51      0.00     10.66
11:56:09 PM     all     65.33      0.00      9.55      0.00      0.00     25.13
11:56:10 PM     all     75.13      0.00     19.17      1.04      0.00      4.66
11:56:11 PM     all     65.99      0.00      9.64      3.55      0.00     20.81
11:56:12 PM     all     57.79      0.00      5.53      0.00      0.00     36.68
11:56:13 PM     all     66.16      0.00      9.60      0.00      0.00     24.24
11:56:14 PM     all     58.08      0.00      6.06      0.00      0.00     35.86
11:56:15 PM     all     59.80      0.00     11.06      0.00      0.00     29.15
11:56:16 PM     all     59.80      0.00      8.54      0.00      0.00     31.66
11:56:17 PM     all     60.61      0.00      5.56      0.00      0.00     33.84
11:56:18 PM     all     67.82      0.00     10.89      0.50      0.00     20.79
11:56:19 PM     all     63.78      0.00     18.88      0.00      0.00     17.35
11:56:20 PM     all     74.50      0.00     22.00      1.00      0.00      2.50
11:56:21 PM     all     70.41      0.00     22.96      1.53      0.00      5.10
11:56:22 PM     all     66.49      0.00     23.20      1.03      0.00      9.28
11:56:23 PM     all     75.51      0.00     20.92      0.51      0.00      3.06
11:56:24 PM     all     75.25      0.00     17.17      0.51      0.00      7.07
11:56:25 PM     all     70.83      0.00     15.10      0.52      0.00     13.54
11:56:26 PM     all     55.50      0.00      4.00      0.50      0.00     40.00

11:56:26 PM     CPU     %user     %nice   %system   %iowait    %steal     %idle
11:56:27 PM     all     56.78      0.00      5.03      0.00      0.00     38.19
11:56:28 PM     all     52.28      0.00      5.58      0.00      0.00     42.13
11:56:29 PM     all     55.50      0.00      3.50      0.00      0.00     41.00
11:56:30 PM     all     56.78      0.00      5.03      0.00      0.00     38.19
11:56:31 PM     all     54.00      0.00      3.50      0.00      0.00     42.50
11:56:32 PM     all     55.05      0.00      4.55      0.00      0.00     40.40
11:56:33 PM     all     58.59      0.00      8.08      0.00      0.00     33.33
11:56:34 PM     all     75.77      0.00     14.95      1.03      0.00      8.25
11:56:35 PM     all     66.16      0.00     14.65      0.51      0.00     18.69
11:56:36 PM     all     74.11      0.00     11.68      0.51      0.00     13.71
11:56:37 PM     all     65.31      0.00     10.71      0.00      0.00     23.98
11:56:38 PM     all     56.28      0.00      4.02      0.00      0.00     39.70
11:56:39 PM     all     55.50      0.00      5.00      0.00      0.00     39.50
11:56:40 PM     all     55.00      0.50      4.00      0.00      0.00     40.50
11:56:41 PM     all     57.29      0.00      5.53      0.00      0.00     37.19
11:56:42 PM     all     53.54      0.00      3.03      0.00      0.00     43.43
11:56:43 PM     all     72.59      0.00     12.69      1.02      0.00     13.71
11:56:44 PM     all     78.46      0.00     19.49      0.00      0.51      1.54
11:56:45 PM     all     78.00      0.00     20.50      0.50      0.00      1.00
11:56:46 PM     all     79.49      0.00     18.97      0.51      0.00      1.03
11:56:47 PM     all     77.44      0.00     18.46      1.03      0.00      3.08
11:56:48 PM     all     68.02      0.00     13.20      0.51      0.00     18.27
11:56:49 PM     all     58.29      0.00      9.05      0.00      0.00     32.66
11:56:50 PM     all     55.56      0.00      6.06      0.00      0.00     38.38
11:56:51 PM     all     56.00      0.00      4.50      0.00      0.00     39.50
11:56:52 PM     all     55.78      0.00      3.52      0.00      0.00     40.70
11:56:53 PM     all     57.58      0.00      5.05      0.00      0.00     37.37
11:56:54 PM     all     56.28      0.00      5.03      0.00      0.00     38.69
11:56:55 PM     all     63.32      0.00      8.54      0.00      0.00     28.14
11:56:56 PM     all     55.05      0.00      4.55      0.00      0.00     40.40
11:56:57 PM     all     71.72      0.00     18.69      0.00      0.00      9.60
11:56:58 PM     all     77.60      0.00     16.67      1.04      0.00      4.69
11:56:59 PM     all     51.74      0.00      2.99      0.00      0.00     45.27
11:57:00 PM     all     52.76      0.00      3.52      0.00      0.00     43.72
11:57:01 PM     all     53.27      0.00      3.02      0.00      0.00     43.72

11:57:01 PM     CPU     %user     %nice   %system   %iowait    %steal     %idle
11:57:02 PM     all     47.72      0.00      3.55      0.00      0.00     48.73
11:57:03 PM     all     54.23      0.00      3.48      0.00      0.00     42.29
11:57:04 PM     all     55.00      0.00      4.00      0.00      0.00     41.00
11:57:05 PM     all     55.10      0.00      3.06      0.00      0.00     41.84
11:57:06 PM     all     53.27      0.00      3.02      0.00      0.00     43.72
11:57:07 PM     all     53.54      0.00      3.54      0.00      0.00     42.93
11:57:08 PM     all     54.55      0.00      3.54      0.00      0.00     41.92
11:57:09 PM     all     60.61      0.00     17.68      0.51      0.00     21.21
11:57:10 PM     all     85.93      0.00     14.07      0.00      0.00      0.00
11:57:11 PM     all     85.93      0.00     14.07      0.00      0.00      0.00
11:57:12 PM     all     78.24      0.00     17.62      1.04      0.00      3.11
11:57:13 PM     all     80.51      0.00     18.46      0.51      0.00      0.51
11:57:14 PM     all     76.41      0.00     17.44      1.03      0.00      5.13
11:57:15 PM     all     69.43      0.00     16.58      0.52      0.00     13.47
11:57:16 PM     all     57.65      0.00      8.67      0.00      0.00     33.67
11:57:17 PM     all     56.00      0.00      4.50      0.00      0.00     39.50
11:57:18 PM     all     58.88      0.00      5.08      0.00      0.00     36.04
11:57:19 PM     all     61.31      0.00      5.53      0.00      0.00     33.17
11:57:20 PM     all     56.78      0.00      4.52      0.00      0.00     38.69
11:57:21 PM     all     56.78      0.00      4.02      0.00      0.00     39.20
11:57:22 PM     all     56.28      0.00      5.03      0.00      0.00     38.69
11:57:23 PM     all     55.05      0.00     10.61      0.51      0.00     33.84
11:57:24 PM     all     67.34      0.00     19.60      0.50      0.00     12.56
11:57:25 PM     all     72.73      0.00     21.21      1.01      0.00      5.05
11:57:26 PM     all     69.74      0.00     25.64      0.51      0.00      4.10
11:57:27 PM     all     76.65      0.00     19.80      0.51      0.00      3.05
11:57:28 PM     all     76.00      0.50     21.00      0.50      0.00      2.00
11:57:29 PM     all     73.60      0.00     23.35      0.51      0.00      2.54
11:57:31 PM     all     78.17      0.00     19.80      0.00      0.00      2.03
11:57:32 PM     all     70.85      0.00     23.62      0.50      0.00      5.03
11:57:33 PM     all     70.92      0.00     23.47      1.02      0.00      4.59
11:57:34 PM     all     64.32      0.00     19.60      0.50      0.00     15.58
11:57:35 PM     all     51.26      0.00      1.51      0.00      0.00     47.24
11:57:36 PM     all     51.52      0.00      1.01      0.00      0.00     47.47
11:57:37 PM     all     50.75      0.00      1.01      0.00      0.00     48.24

11:57:37 PM     CPU     %user     %nice   %system   %iowait    %steal     %idle
11:57:38 PM     all     51.01      0.00      0.51      0.00      0.00     48.48
11:57:39 PM     all     49.75      0.00      1.49      0.00      0.00     48.76
11:57:40 PM     all     50.75      0.00      1.01      0.00      0.00     48.24
11:57:41 PM     all     52.76      0.00      2.01      0.00      0.00     45.23
11:57:42 PM     all     51.26      0.00      1.01      0.00      0.00     47.74
11:57:43 PM     all     50.50      0.00      1.50      0.00      0.00     48.00
11:57:44 PM     all     60.71      0.00      8.16      1.02      0.00     30.10
11:57:45 PM     all     62.24      0.00     10.20      0.00      0.00     27.55
11:57:46 PM     all     56.06      0.00      7.07      0.00      0.00     36.87
11:57:47 PM     all     61.42      0.00      9.64      1.02      0.00     27.92
11:57:48 PM     all     66.49      0.00     10.82      0.52      0.00     22.16
11:57:49 PM     all     57.71      0.00      6.47      0.00      0.00     35.82
11:57:50 PM     all     56.35      0.00      4.06      0.00      0.00     39.59
11:57:51 PM     all     57.07      0.00      5.05      0.00      0.00     37.88
11:57:52 PM     all     59.00      0.00     10.00      0.00      0.00     31.00
11:57:53 PM     all     55.56      0.00      3.54      0.00      0.00     40.91
11:57:54 PM     all     74.61      0.00     13.99      1.04      0.00     10.36
11:57:55 PM     all     63.82      0.00     10.55      0.50      0.00     25.13
11:57:56 PM     all     66.33      0.00      7.04      0.00      0.00     26.63
11:57:57 PM     all     70.10      0.00     13.92      1.03      0.00     14.95
11:57:58 PM     all     56.78      0.00      5.03      0.00      0.00     38.19
11:57:59 PM     all     56.06      0.00      4.04      0.00      0.00     39.90
11:58:00 PM     all     55.28      0.00      4.02      0.00      0.00     40.70
11:58:01 PM     all     56.00      0.00      6.00      0.00      0.00     38.00
11:58:02 PM     all     60.80      0.00      9.05      0.00      0.00     30.15
11:58:03 PM     all     54.55      0.00      5.56      0.00      0.00     39.90
11:58:04 PM     all     53.27      0.00      3.02      0.00      0.00     43.72
11:58:05 PM     all     66.16      0.00     11.11      0.51      0.00     22.22
11:58:06 PM     all     70.98      0.00     17.10      1.55      0.00     10.36
11:58:07 PM     all     79.08      0.00     16.33      1.02      0.00      3.57
11:58:08 PM     all     65.82      0.00      8.67      0.00      0.00     25.51
11:58:09 PM     all     56.78      0.00      5.53      0.00      0.00     37.69
11:58:10 PM     all     55.78      0.00      5.03      0.00      0.00     39.20
11:58:11 PM     all     57.29      0.00      8.04      0.00      0.00     34.67
11:58:12 PM     all     55.56      0.00      3.54      0.00      0.00     40.91

11:58:12 PM     CPU     %user     %nice   %system   %iowait    %steal     %idle
11:58:13 PM     all     57.00      0.00      5.50      0.00      0.00     37.50
11:58:14 PM     all     55.56      0.00      7.07      0.00      0.00     37.37
11:58:15 PM     all     56.78      0.00      9.05      0.50      0.00     33.67
11:58:16 PM     all     79.29      0.00     18.18      0.51      0.00      2.02
11:58:17 PM     all     81.22      0.00     16.24      0.51      0.00      2.03
11:58:18 PM     all     77.32      0.00     17.53      1.03      0.00      4.12
11:58:19 PM     all     73.06      0.00     13.47      0.52      0.00     12.95
11:58:20 PM     all     58.08      0.00      7.58      0.51      0.00     33.84
11:58:21 PM     all     55.78      0.00      4.02      0.00      0.00     40.20
11:58:22 PM     all     55.84      0.00      4.06      0.00      0.00     40.10
11:58:23 PM     all     54.77      0.00      3.52      0.00      0.00     41.71
11:58:24 PM     all     54.00      0.00      7.00      0.00      0.00     39.00
11:58:25 PM     all     66.33      0.00      8.54      0.00      0.00     25.13
11:58:26 PM     all     76.41      0.00     15.90      1.54      0.00      6.15
11:58:27 PM     all     60.91      0.00      6.60      0.00      0.00     32.49
11:58:28 PM     all     55.00      0.00      3.50      0.00      0.00     41.50
11:58:29 PM     all     56.06      0.00      4.55      0.00      0.00     39.39
11:58:30 PM     all     54.55      0.00      3.54      0.00      0.00     41.92
11:58:31 PM     all     55.78      0.00      4.52      0.00      0.00     39.70
11:58:32 PM     all     58.00      0.00      8.50      0.50      0.00     33.00
11:58:33 PM     all     52.26      0.00      3.52      0.00      0.00     44.22
11:58:34 PM     all     75.38      0.00      9.55      0.00      0.00     15.08
11:58:35 PM     all     73.74      0.00     23.23      0.51      0.00      2.53
11:58:36 PM     all     71.94      0.00     19.39      4.59      0.00      4.08
11:58:37 PM     all     67.86      0.00     15.31      0.51      0.00     16.33
11:58:38 PM     all     53.03      0.00      3.54      0.00      0.00     43.43
11:58:39 PM     all     55.05      0.00      4.04      0.00      0.00     40.91
11:58:40 PM     all     55.00      0.00      3.50      0.00      0.00     41.50
11:58:41 PM     all     56.28      0.00      5.03      0.00      0.00     38.69
11:58:42 PM     all     55.05      0.00      4.04      0.00      0.00     40.91
11:58:43 PM     all     68.53      0.00     20.81      0.51      0.00     10.15
11:58:44 PM     all     60.30      0.00     15.08      1.01      0.00     23.62
11:58:45 PM     all     83.50      0.00     11.50      0.00      0.00      5.00
11:58:46 PM     all     67.88      0.00     17.10      0.52      0.00     14.51
11:58:47 PM     all     54.73      0.00      3.48      0.00      0.00     41.79

11:58:47 PM     CPU     %user     %nice   %system   %iowait    %steal     %idle
11:58:48 PM     all     55.56      0.00      4.04      0.00      0.00     40.40
11:58:49 PM     all     54.00      0.00      4.00      0.00      0.00     42.00
11:58:50 PM     all     55.78      0.00      5.03      0.00      0.00     39.20
11:58:51 PM     all     56.35      0.00      8.63      0.00      0.00     35.03
11:58:52 PM     all     52.76      0.00      2.51      0.00      0.00     44.72
11:58:53 PM     all     78.00      0.00      9.50      0.00      0.00     12.50
11:58:54 PM     all     71.35      0.00     15.10      1.56      0.00     11.98
11:58:55 PM     all     56.06      0.00      4.55      0.00      0.00     39.39
11:58:56 PM     all     55.50      0.00      4.00      0.00      0.00     40.50
11:58:57 PM     all     55.84      0.00      4.06      0.00      0.00     40.10
11:58:58 PM     all     56.28      0.00      5.03      0.00      0.00     38.69
11:58:59 PM     all     52.74      0.00      7.46      0.50      0.00     39.30
11:59:00 PM     all     60.30      0.00      5.53      0.00      0.00     34.17
11:59:01 PM     all     84.85      0.00     13.64      0.00      0.00      1.52
11:59:02 PM     all     63.40      0.00     10.82      1.03      0.00     24.74
11:59:03 PM     all     56.28      0.00      5.03      0.00      0.00     38.69
11:59:04 PM     all     57.79      0.00      5.03      0.00      0.00     37.19
11:59:05 PM     all     55.56      0.00      4.55      0.00      0.00     39.90
11:59:06 PM     all     58.29      0.00      5.03      0.00      0.00     36.68
11:59:07 PM     all     53.77      0.00     12.56      0.00      0.00     33.67
11:59:08 PM     all     63.64      0.00      7.07      0.00      0.00     29.29
11:59:09 PM     all     85.07      0.00     12.94      0.50      0.00      1.49
11:59:10 PM     all     64.25      0.52     12.44      1.55      0.00     21.24
11:59:11 PM     all     55.50      0.00      6.00      0.00      0.00     38.50
11:59:12 PM     all     56.06      0.00      4.04      0.00      0.00     39.90
11:59:13 PM     all     55.78      0.00      4.52      0.00      0.00     39.70
11:59:14 PM     all     57.58      0.00      6.57      0.00      0.00     35.86
11:59:15 PM     all     51.26      0.00      4.52      0.00      0.00     44.22
11:59:16 PM     all     73.37      0.00     13.07      0.00      0.00     13.57
11:59:17 PM     all     86.50      0.00     12.50      0.50      0.00      0.50
11:59:18 PM     all     78.35      0.00     15.98      1.03      0.00      4.64
11:59:19 PM     all     55.96      0.00     11.92      1.04      0.00     31.09
11:59:20 PM     all     46.46      0.00      5.56      0.00      0.00     47.98
11:59:21 PM     all     45.73      0.00      2.51      0.00      0.00     51.76
11:59:22 PM     all      2.01      0.00      1.51      0.00      0.00     96.48

11:59:22 PM     CPU     %user     %nice   %system   %iowait    %steal     %idle
11:59:23 PM     all      9.18      0.00      0.51      0.00      0.00     90.31
11:59:24 PM     all     50.25      0.00      1.01      0.00      0.00     48.74
11:59:25 PM     all      1.01      0.00      0.51      0.00      0.00     98.48
11:59:26 PM     all      1.52      0.00      1.02      0.00      0.00     97.46
11:59:27 PM     all      1.52      0.00      1.52      0.00      0.00     96.97
11:59:28 PM     all      2.54      0.00      1.52      0.00      0.00     95.94

