02:12:21 AM     all      1.01      0.00      1.01      0.00      0.00     97.99
02:12:22 AM     all      0.50      0.00      0.50      0.00      0.00     99.00
02:12:23 AM     all      0.50      0.00      1.01      0.00      0.00     98.49
02:12:24 AM     all      1.00      0.00      0.50      0.00      0.00     98.51
02:12:25 AM     all     16.67      0.00      1.01      0.00      0.00     82.32
02:12:26 AM     all     48.69      0.00     13.61      2.62      0.00     35.08
02:12:27 AM     all     63.08      0.00      9.74      0.51      0.00     26.67
02:12:28 AM     all     54.00      0.00      3.50      0.00      0.00     42.50
02:12:29 AM     all     54.82      0.00      2.54      0.00      0.00     42.64
02:12:30 AM     all     53.50      0.00      3.50      0.00      0.00     43.00
02:12:31 AM     all     65.66      0.00      6.06      0.00      0.00     28.28
02:12:32 AM     all     56.77      0.00     10.42      1.04      0.00     31.77
02:12:33 AM     all     51.00      0.00      1.50      0.00      0.00     47.50
02:12:34 AM     all     50.00      0.00      0.51      0.00      0.00     49.49
02:12:35 AM     all     50.75      0.00      0.50      0.00      0.00     48.74
02:12:36 AM     all     50.75      0.00      1.00      0.00      0.00     48.26
02:12:37 AM     all     51.01      0.00      0.51      0.00      0.00     48.48
02:12:38 AM     all     50.00      0.00      1.50      0.00      0.00     48.50
02:12:39 AM     all     50.25      0.00      1.01      0.00      0.00     48.74
02:12:40 AM     all     50.25      0.00      0.50      0.00      0.00     49.25
02:12:41 AM     all     51.50      0.00      1.50      0.00      0.00     47.00
02:12:42 AM     all     50.25      0.00      0.50      0.00      0.00     49.25
02:12:43 AM     all     50.25      0.00      1.01      0.00      0.00     48.74
02:12:44 AM     all     50.51      0.00      0.51      0.00      0.00     48.99
02:12:45 AM     all     51.00      0.00      4.00      0.00      0.00     45.00
02:12:46 AM     all     50.75      0.00      1.01      0.00      0.00     48.24

02:12:46 AM     CPU     %user     %nice   %system   %iowait    %steal     %idle
02:12:47 AM     all     50.75      0.00      0.50      0.00      0.00     48.74
02:12:48 AM     all     50.25      0.00      0.50      0.00      0.00     49.25
02:12:49 AM     all     50.75      0.00      0.50      0.00      0.00     48.74
02:12:50 AM     all     49.75      0.00      1.01      0.00      0.00     49.25
02:12:51 AM     all     50.75      0.00      1.00      0.00      0.00     48.26
02:12:52 AM     all     50.00      0.00      0.51      0.00      0.00     49.49
02:12:53 AM     all     50.50      0.00      1.00      0.00      0.00     48.50
02:12:54 AM     all     50.00      0.00      1.00      0.00      0.00     49.00
02:12:55 AM     all     50.75      0.00      0.50      0.00      0.00     48.74
02:12:56 AM     all     50.75      0.00      3.02      0.00      0.00     46.23
02:12:57 AM     all     50.75      0.00      0.50      0.00      0.00     48.74
02:12:58 AM     all     50.00      0.00      0.51      0.00      0.00     49.49
02:12:59 AM     all     50.50      0.00      1.00      0.00      0.00     48.50
02:13:00 AM     all     50.00      0.00      1.00      0.00      0.00     49.00
02:13:01 AM     all     50.51      0.00      1.01      0.00      0.00     48.48
02:13:02 AM     all     50.25      0.00      0.50      0.00      0.00     49.25
02:13:03 AM     all     50.00      0.00      1.50      0.00      0.00     48.50
02:13:04 AM     all     50.51      0.00      0.00      0.00      0.00     49.49
02:13:05 AM     all     17.50      0.00      1.00      0.00      0.00     81.50
02:13:06 AM     all     47.24      0.00      1.51      0.00      0.00     51.26
02:13:07 AM     all     49.50      0.00      1.00      0.00      0.00     49.50
02:13:08 AM     all      4.52      0.00      0.00      0.00      0.00     95.48
02:13:09 AM     all      9.00      0.00      1.00      0.00      0.00     90.00
02:13:10 AM     all      9.05      0.00      1.01      0.00      0.00     89.95
02:13:11 AM     all      1.51      0.00      0.50      0.00      0.00     97.99

